

Started GET "/rails/info/properties" for 82.41.19.60 at Fri Feb 04 16:30:13 +0000 2011

Mysql2::Error (Access denied for user 'root'@'localhost' (using password: YES)):
  



Started GET "/rails/info/properties" for 82.41.19.60 at Fri Feb 04 16:30:17 +0000 2011

Mysql2::Error (Access denied for user 'root'@'localhost' (using password: YES)):
  



Started GET "/rails/info/properties" for 82.41.19.60 at Fri Feb 04 16:30:24 +0000 2011

Mysql2::Error (Access denied for user 'root'@'localhost' (using password: YES)):
  



Started GET "/" for 82.41.19.60 at Fri Feb 04 16:34:04 +0000 2011

Mysql2::Error (Access denied for user 'root'@'localhost' (using password: YES)):
  



Started GET "/" for 82.41.19.60 at Fri Feb 04 16:38:45 +0000 2011

ActionController::RoutingError (No route matches "/"):
  



Started GET "/" for 82.41.19.60 at Fri Feb 04 16:38:57 +0000 2011

ActionController::RoutingError (No route matches "/"):
  



Started GET "/" for 82.41.19.60 at Fri Feb 04 16:38:58 +0000 2011

ActionController::RoutingError (No route matches "/"):
  



Started GET "/" for 82.41.19.60 at Fri Feb 04 16:39:53 +0000 2011

ActionController::RoutingError (No route matches "/"):
  



Started GET "/" for 82.41.19.60 at Fri Feb 04 16:41:22 +0000 2011

ActionController::RoutingError (No route matches "/"):
  



Started GET "/" for 82.41.19.60 at Fri Feb 04 16:41:22 +0000 2011

ActionController::RoutingError (No route matches "/"):
  



Started GET "/" for 82.41.19.60 at Fri Feb 04 16:41:43 +0000 2011
  Processing by HomeController#index as HTML
Rendered home/index.html.erb within layouts/application (1.4ms)
Completed 200 OK in 13ms (Views: 12.4ms | ActiveRecord: 0.0ms)


Started GET "/" for 82.41.19.60 at Fri Feb 04 16:41:43 +0000 2011
  Processing by HomeController#index as HTML
Rendered home/index.html.erb within layouts/application (1.4ms)
Completed 200 OK in 4ms (Views: 4.0ms | ActiveRecord: 0.0ms)


Started GET "/" for 82.41.19.60 at Fri Feb 04 18:54:36 +0000 2011
  Processing by HomeController#index as HTML
Rendered home/index.html.erb within layouts/application (1.0ms)
Completed 200 OK in 4ms (Views: 3.7ms | ActiveRecord: 0.0ms)


Started GET "/favicon.ico" for 82.41.19.60 at Fri Feb 04 18:54:37 +0000 2011

ActionController::RoutingError (No route matches "/favicon.ico"):
  



Started GET "/favicon.ico" for 82.41.19.60 at Fri Feb 04 18:54:38 +0000 2011

ActionController::RoutingError (No route matches "/favicon.ico"):
  



Started GET "/favicon.ico" for 82.41.19.60 at Fri Feb 04 18:54:43 +0000 2011

ActionController::RoutingError (No route matches "/favicon.ico"):
  



Started GET "/" for 82.41.19.60 at Fri Feb 04 19:07:24 +0000 2011
  Processing by HomeController#index as HTML
Rendered home/index.html.erb within layouts/application (1.0ms)
Completed 200 OK in 4ms (Views: 3.7ms | ActiveRecord: 0.0ms)


Started GET "/favicon.ico" for 82.41.19.60 at Fri Feb 04 19:07:27 +0000 2011

ActionController::RoutingError (No route matches "/favicon.ico"):
  



Started GET "/favicon.ico" for 82.41.19.60 at Fri Feb 04 19:07:28 +0000 2011

ActionController::RoutingError (No route matches "/favicon.ico"):
  



Started GET "/ds" for 82.41.19.60 at Fri Feb 04 19:11:14 +0000 2011

ActionController::RoutingError (No route matches "/ds"):
  



Started GET "/favicon.ico" for 82.41.19.60 at Fri Feb 04 19:11:17 +0000 2011

ActionController::RoutingError (No route matches "/favicon.ico"):
  



Started GET "/favicon.ico" for 82.41.19.60 at Fri Feb 04 19:11:20 +0000 2011

ActionController::RoutingError (No route matches "/favicon.ico"):
  



Started GET "/favicon.ico" for 82.41.19.60 at Fri Feb 04 19:18:15 +0000 2011

ActionController::RoutingError (No route matches "/favicon.ico"):
  



Started GET "/" for 82.41.19.60 at Fri Feb 04 19:18:18 +0000 2011
  Processing by HomeController#index as HTML
Rendered home/index.html.erb within layouts/application (0.5ms)
Completed 200 OK in 1ms (Views: 0.9ms | ActiveRecord: 0.0ms)


Started GET "/favicon.ico" for 82.41.19.60 at Fri Feb 04 19:18:18 +0000 2011

ActionController::RoutingError (No route matches "/favicon.ico"):
  



Started GET "/favicon.ico" for 82.41.19.60 at Fri Feb 04 19:18:23 +0000 2011

ActionController::RoutingError (No route matches "/favicon.ico"):
  



Started GET "/favicon.ico" for 82.41.19.60 at Fri Feb 04 19:18:25 +0000 2011

ActionController::RoutingError (No route matches "/favicon.ico"):
  



Started GET "/" for 82.41.19.60 at Fri Feb 04 19:19:35 +0000 2011
  Processing by HomeController#index as HTML
Rendered home/index.html.erb within layouts/application (0.5ms)
Completed 200 OK in 1ms (Views: 1.0ms | ActiveRecord: 0.0ms)


Started GET "/favicon.ico" for 82.41.19.60 at Fri Feb 04 19:19:38 +0000 2011

ActionController::RoutingError (No route matches "/favicon.ico"):
  



Started GET "/favicon.ico" for 82.41.19.60 at Fri Feb 04 19:19:39 +0000 2011

ActionController::RoutingError (No route matches "/favicon.ico"):
  



Started GET "/" for 82.41.19.60 at Fri Feb 04 19:23:10 +0000 2011
  Processing by HomeController#index as HTML
Rendered home/index.html.erb within layouts/application (1.1ms)
Completed 200 OK in 2ms (Views: 1.5ms | ActiveRecord: 0.0ms)


Started GET "/javascripts/jquery.js" for 82.41.19.60 at Fri Feb 04 19:23:11 +0000 2011

ActionController::RoutingError (No route matches "/javascripts/jquery.js"):
  



Started GET "/javascripts/rails.js" for 82.41.19.60 at Fri Feb 04 19:23:11 +0000 2011

ActionController::RoutingError (No route matches "/javascripts/rails.js"):
  



Started GET "/favicon.ico" for 82.41.19.60 at Fri Feb 04 19:23:11 +0000 2011

ActionController::RoutingError (No route matches "/favicon.ico"):
  



Started GET "/favicon.ico" for 82.41.19.60 at Fri Feb 04 19:23:16 +0000 2011

ActionController::RoutingError (No route matches "/favicon.ico"):
  



Started GET "/" for 82.41.19.60 at Fri Feb 04 19:24:28 +0000 2011
  Processing by HomeController#index as HTML
Rendered home/index.html.erb within layouts/application (1.1ms)
Completed 200 OK in 2ms (Views: 1.5ms | ActiveRecord: 0.0ms)


Started GET "/favicon.ico" for 82.41.19.60 at Fri Feb 04 19:24:28 +0000 2011

ActionController::RoutingError (No route matches "/favicon.ico"):
  



Started GET "/" for 82.41.19.60 at Fri Feb 04 19:24:39 +0000 2011
  Processing by HomeController#index as HTML
Rendered home/index.html.erb within layouts/application (1.1ms)
Completed 200 OK in 2ms (Views: 1.5ms | ActiveRecord: 0.0ms)


Started GET "/favicon.ico" for 82.41.19.60 at Fri Feb 04 19:24:39 +0000 2011

ActionController::RoutingError (No route matches "/favicon.ico"):
  



Started GET "/" for 82.41.19.60 at Fri Feb 04 19:24:44 +0000 2011
  Processing by HomeController#index as HTML
Rendered home/index.html.erb within layouts/application (32.9ms)
Completed 200 OK in 34ms (Views: 33.4ms | ActiveRecord: 0.0ms)


Started GET "/javascripts/jquery.js" for 82.41.19.60 at Fri Feb 04 19:24:44 +0000 2011

ActionController::RoutingError (No route matches "/javascripts/jquery.js"):
  



Started GET "/javascripts/rails.js" for 82.41.19.60 at Fri Feb 04 19:24:44 +0000 2011

ActionController::RoutingError (No route matches "/javascripts/rails.js"):
  



Started GET "/favicon.ico" for 82.41.19.60 at Fri Feb 04 19:24:45 +0000 2011

ActionController::RoutingError (No route matches "/favicon.ico"):
  



Started GET "/" for 82.41.19.60 at Fri Feb 04 19:24:46 +0000 2011
  Processing by HomeController#index as HTML
Rendered home/index.html.erb within layouts/application (1.1ms)
Completed 200 OK in 2ms (Views: 1.6ms | ActiveRecord: 0.0ms)


Started GET "/favicon.ico" for 82.41.19.60 at Fri Feb 04 19:24:46 +0000 2011

ActionController::RoutingError (No route matches "/favicon.ico"):
  



Started GET "/" for 82.41.19.60 at Fri Feb 04 19:26:43 +0000 2011
  Processing by HomeController#index as HTML
Rendered home/index.html.erb within layouts/application (1.8ms)
Completed 200 OK in 5ms (Views: 4.6ms | ActiveRecord: 0.0ms)


Started GET "/favicon.ico" for 82.41.19.60 at Fri Feb 04 19:26:43 +0000 2011

ActionController::RoutingError (No route matches "/favicon.ico"):
  



Started GET "/favicon.ico" for 82.41.19.60 at Fri Feb 04 19:26:59 +0000 2011

ActionController::RoutingError (No route matches "/favicon.ico"):
  



Started GET "/" for 82.41.19.60 at Fri Feb 04 19:29:12 +0000 2011
  Processing by HomeController#index as HTML
Rendered home/index.html.erb within layouts/application (1.4ms)
Completed 200 OK in 2ms (Views: 1.9ms | ActiveRecord: 0.0ms)


Started GET "/favicon.ico" for 82.41.19.60 at Fri Feb 04 19:29:12 +0000 2011

ActionController::RoutingError (No route matches "/favicon.ico"):
  



Started GET "/" for 82.41.19.60 at Fri Feb 04 19:29:13 +0000 2011
  Processing by HomeController#index as HTML
Rendered home/index.html.erb within layouts/application (1.3ms)
Completed 200 OK in 2ms (Views: 1.8ms | ActiveRecord: 0.0ms)


Started GET "/favicon.ico" for 82.41.19.60 at Fri Feb 04 19:29:13 +0000 2011

ActionController::RoutingError (No route matches "/favicon.ico"):
  



Started GET "/" for 82.41.19.60 at Fri Feb 04 19:29:14 +0000 2011
  Processing by HomeController#index as HTML
Rendered home/index.html.erb within layouts/application (1.4ms)
Completed 200 OK in 2ms (Views: 1.8ms | ActiveRecord: 0.0ms)


Started GET "/favicon.ico" for 82.41.19.60 at Fri Feb 04 19:29:14 +0000 2011

ActionController::RoutingError (No route matches "/favicon.ico"):
  



Started GET "/" for 82.41.19.60 at Fri Feb 04 19:29:15 +0000 2011
  Processing by HomeController#index as HTML
Rendered home/index.html.erb within layouts/application (1.3ms)
Completed 200 OK in 2ms (Views: 1.7ms | ActiveRecord: 0.0ms)


Started GET "/favicon.ico" for 82.41.19.60 at Fri Feb 04 19:29:15 +0000 2011

ActionController::RoutingError (No route matches "/favicon.ico"):
  



Started GET "/" for 82.41.19.60 at Fri Feb 04 19:29:46 +0000 2011
  Processing by HomeController#index as HTML
Rendered home/index.html.erb within layouts/application (1.3ms)
Completed 200 OK in 2ms (Views: 1.8ms | ActiveRecord: 0.0ms)


Started GET "/javascripts/libs/modernizr.js" for 82.41.19.60 at Fri Feb 04 19:29:47 +0000 2011

ActionController::RoutingError (No route matches "/javascripts/libs/modernizr.js"):
  



Started GET "/favicon.ico" for 82.41.19.60 at Fri Feb 04 19:29:47 +0000 2011

ActionController::RoutingError (No route matches "/favicon.ico"):
  



Started GET "/favicon.ico" for 82.41.19.60 at Fri Feb 04 19:29:49 +0000 2011

ActionController::RoutingError (No route matches "/favicon.ico"):
  



Started GET "/favicon.ico" for 82.41.19.60 at Fri Feb 04 19:29:51 +0000 2011

ActionController::RoutingError (No route matches "/favicon.ico"):
  



Started GET "/" for 82.41.19.60 at Fri Feb 04 19:30:18 +0000 2011
  Processing by HomeController#index as HTML
Rendered home/index.html.erb within layouts/application (1.3ms)
Completed 200 OK in 4ms (Views: 4.1ms | ActiveRecord: 0.0ms)


Started GET "/favicon.ico" for 82.41.19.60 at Fri Feb 04 19:30:18 +0000 2011

ActionController::RoutingError (No route matches "/favicon.ico"):
  



Started GET "/favicon.ico" for 82.41.19.60 at Fri Feb 04 19:30:20 +0000 2011

ActionController::RoutingError (No route matches "/favicon.ico"):
  



Started GET "/" for 82.41.19.60 at Fri Feb 04 19:44:11 +0000 2011
  Processing by HomeController#index as HTML
Rendered home/index.html.erb within layouts/application (0.8ms)
Completed 200 OK in 1ms (Views: 1.2ms | ActiveRecord: 0.0ms)


Started GET "/javascripts/libs/modernizr.js" for 82.41.19.60 at Fri Feb 04 19:44:11 +0000 2011

ActionController::RoutingError (No route matches "/javascripts/libs/modernizr.js"):
  



Started GET "/favicon.ico" for 82.41.19.60 at Fri Feb 04 19:44:12 +0000 2011

ActionController::RoutingError (No route matches "/favicon.ico"):
  



Started GET "/favicon.ico" for 82.41.19.60 at Fri Feb 04 19:44:15 +0000 2011

ActionController::RoutingError (No route matches "/favicon.ico"):
  



Started GET "/" for 123.125.71.101 at Fri Feb 04 21:22:18 +0000 2011
  Processing by HomeController#index as HTML
Rendered home/index.html.erb within layouts/application (2.2ms)
Completed 200 OK in 8ms (Views: 7.0ms | ActiveRecord: 0.0ms)


Started GET "/" for 220.181.108.177 at Fri Feb 04 21:22:25 +0000 2011
  Processing by HomeController#index as HTML
Rendered home/index.html.erb within layouts/application (1.0ms)
Completed 200 OK in 2ms (Views: 1.6ms | ActiveRecord: 0.0ms)


Started GET "/" for 123.125.71.110 at Fri Feb 04 22:20:42 +0000 2011
  Processing by HomeController#index as HTML
Rendered home/index.html.erb within layouts/application (1.0ms)
Completed 200 OK in 2ms (Views: 1.5ms | ActiveRecord: 0.0ms)


Started GET "/" for 220.181.108.184 at Fri Feb 04 22:20:49 +0000 2011
  Processing by HomeController#index as HTML
Rendered home/index.html.erb within layouts/application (1.0ms)
Completed 200 OK in 2ms (Views: 1.5ms | ActiveRecord: 0.0ms)


Started GET "/" for 220.181.108.175 at Sat Feb 05 04:21:54 +0000 2011
  Processing by HomeController#index as HTML
Rendered home/index.html.erb within layouts/application (222.3ms)
Completed 200 OK in 599ms (Views: 598.3ms | ActiveRecord: 0.0ms)


Started GET "/" for 123.125.71.100 at Sat Feb 05 04:21:54 +0000 2011
  Processing by HomeController#index as HTML
Rendered home/index.html.erb within layouts/application (222.4ms)
Completed 200 OK in 599ms (Views: 598.5ms | ActiveRecord: 0.0ms)


Started GET "/" for 123.125.71.108 at Sat Feb 05 08:21:00 +0000 2011
  Processing by HomeController#index as HTML
Rendered home/index.html.erb within layouts/application (6.8ms)
Completed 200 OK in 31ms (Views: 30.4ms | ActiveRecord: 0.0ms)


Started GET "/" for 220.181.108.181 at Sat Feb 05 08:21:03 +0000 2011
  Processing by HomeController#index as HTML
Rendered home/index.html.erb within layouts/application (1.0ms)
Completed 200 OK in 2ms (Views: 1.6ms | ActiveRecord: 0.0ms)


Started GET "/" for 82.41.19.60 at Sat Feb 05 09:00:35 +0000 2011
  Processing by HomeController#index as HTML
Rendered home/index.html.erb within layouts/application (1.0ms)
Completed 200 OK in 2ms (Views: 1.5ms | ActiveRecord: 0.0ms)


Started GET "/javascripts/libs/modernizr.js" for 82.41.19.60 at Sat Feb 05 09:00:36 +0000 2011

ActionController::RoutingError (No route matches "/javascripts/libs/modernizr.js"):
  



Started GET "/favicon.ico" for 82.41.19.60 at Sat Feb 05 09:00:36 +0000 2011

ActionController::RoutingError (No route matches "/favicon.ico"):
  



Started GET "/users/sign_in/" for 82.41.19.60 at Sat Feb 05 09:00:46 +0000 2011
  Processing by Devise::SessionsController#new as HTML
Completed   in 1ms

Mysql2::Error (Table 'gingr_production.users' doesn't exist):
  



Started GET "/favicon.ico" for 82.41.19.60 at Sat Feb 05 09:00:46 +0000 2011

ActionController::RoutingError (No route matches "/favicon.ico"):
  



Started GET "/users/" for 82.41.19.60 at Sat Feb 05 09:01:21 +0000 2011

ActionController::RoutingError (No route matches "/users"):
  



Started GET "/favicon.ico" for 82.41.19.60 at Sat Feb 05 09:01:21 +0000 2011

ActionController::RoutingError (No route matches "/favicon.ico"):
  



Started GET "/users" for 82.41.19.60 at Sat Feb 05 09:01:22 +0000 2011

ActionController::RoutingError (No route matches "/users"):
  



Started GET "/favicon.ico" for 82.41.19.60 at Sat Feb 05 09:01:22 +0000 2011

ActionController::RoutingError (No route matches "/favicon.ico"):
  



Started GET "/users/sign_up" for 82.41.19.60 at Sat Feb 05 09:01:45 +0000 2011
  Processing by Devise::RegistrationsController#new as HTML
Completed   in 1ms

Mysql2::Error (Table 'gingr_production.users' doesn't exist):
  



Started GET "/favicon.ico" for 82.41.19.60 at Sat Feb 05 09:01:45 +0000 2011

ActionController::RoutingError (No route matches "/favicon.ico"):
  



Started GET "/users/sign_up/" for 82.41.19.60 at Sat Feb 05 09:01:48 +0000 2011
  Processing by Devise::RegistrationsController#new as HTML
Completed   in 1ms

Mysql2::Error (Table 'gingr_production.users' doesn't exist):
  



Started GET "/favicon.ico" for 82.41.19.60 at Sat Feb 05 09:01:48 +0000 2011

ActionController::RoutingError (No route matches "/favicon.ico"):
  



Started GET "/favicon.ico" for 82.41.19.60 at Sat Feb 05 09:01:50 +0000 2011

ActionController::RoutingError (No route matches "/favicon.ico"):
  



Started GET "/" for 82.41.19.60 at Sat Feb 05 09:28:40 +0000 2011
  Processing by HomeController#index as HTML
Rendered home/index.html.erb within layouts/application (1.8ms)
Completed 200 OK in 6ms (Views: 5.9ms | ActiveRecord: 0.0ms)


Started GET "/javascripts/libs/modernizr.js" for 82.41.19.60 at Sat Feb 05 09:28:40 +0000 2011

ActionController::RoutingError (No route matches "/javascripts/libs/modernizr.js"):
  



Started GET "/users/sign_up" for 82.41.19.60 at Sat Feb 05 09:28:49 +0000 2011
  Processing by Devise::RegistrationsController#new as HTML
Completed   in 1ms

Mysql2::Error (Table 'gingr_production.users' doesn't exist):
  



Started GET "/users/sign_up/" for 82.41.19.60 at Sat Feb 05 09:28:52 +0000 2011
  Processing by Devise::RegistrationsController#new as HTML
Completed   in 1ms

Mysql2::Error (Table 'gingr_production.users' doesn't exist):
  



Started GET "/users/sign_up/" for 82.41.19.60 at Sat Feb 05 09:29:56 +0000 2011
  Processing by Devise::RegistrationsController#new as HTML
Completed   in 2ms

Mysql2::Error (Table 'gingr_production.users' doesn't exist):
  



Started GET "/users/sign_up/" for 82.41.19.60 at Sat Feb 05 09:36:16 +0000 2011
  Processing by Devise::RegistrationsController#new as HTML
Completed   in 1ms

Mysql2::Error (Table 'gingr_production.users' doesn't exist):
  



Started GET "/users/sign_up/" for 82.41.19.60 at Sat Feb 05 09:36:17 +0000 2011
  Processing by Devise::RegistrationsController#new as HTML
Completed   in 1ms

Mysql2::Error (Table 'gingr_production.users' doesn't exist):
  



Started GET "/" for 127.0.0.1 at Sat May 14 17:54:00 +0100 2011
  Processing by HomeController#index as HTML
Rendered posts/_idea.html.erb (19.2ms)
Rendered posts/_idea.html.erb (4.4ms)
Rendered posts/_idea.html.erb (49.8ms)
Rendered posts/_idea.html.erb (3.8ms)
Rendered posts/_idea.html.erb (3.5ms)
Rendered posts/_idea.html.erb (3.7ms)
Rendered posts/_idea.html.erb (4.2ms)
Rendered posts/_idea.html.erb (4.1ms)
Rendered posts/_idea.html.erb (4.2ms)
Rendered posts/_idea.html.erb (3.7ms)
Rendered posts/_idea.html.erb (3.6ms)
Rendered posts/_idea.html.erb (3.9ms)
Rendered posts/_idea.html.erb (4.0ms)
Rendered posts/_idea.html.erb (3.5ms)
Rendered posts/_idea.html.erb (3.6ms)
Rendered posts/_idea.html.erb (3.3ms)
Rendered posts/_idea.html.erb (3.4ms)
Rendered posts/_idea.html.erb (3.5ms)
Rendered posts/_idea.html.erb (49.9ms)
Rendered posts/_idea.html.erb (4.0ms)
Rendered home/index.html.erb within layouts/application (210.0ms)
Completed 200 OK in 223ms (Views: 204.5ms | ActiveRecord: 13.3ms)


Started GET "/javascripts/libs/jquery.js?1300291078" for 127.0.0.1 at Sat May 14 17:54:00 +0100 2011

ActionController::RoutingError (No route matches "/javascripts/libs/jquery.js"):
  

Rendered /Library/Ruby/Gems/1.8/gems/actionpack-3.0.3/lib/action_dispatch/middleware/templates/rescues/routing_error.erb within rescues/layout (0.5ms)


Started GET "/javascripts/libs/modernizr.js?1300291078" for 127.0.0.1 at Sat May 14 17:54:00 +0100 2011

ActionController::RoutingError (No route matches "/javascripts/libs/modernizr.js"):
  

Rendered /Library/Ruby/Gems/1.8/gems/actionpack-3.0.3/lib/action_dispatch/middleware/templates/rescues/routing_error.erb within rescues/layout (0.5ms)


Started GET "/javascripts/libs/rails.js?1305105953" for 127.0.0.1 at Sat May 14 17:54:00 +0100 2011

ActionController::RoutingError (No route matches "/javascripts/libs/rails.js"):
  

Rendered /Library/Ruby/Gems/1.8/gems/actionpack-3.0.3/lib/action_dispatch/middleware/templates/rescues/routing_error.erb within rescues/layout (0.5ms)


Started GET "/javascripts/global.js" for 127.0.0.1 at Sat May 14 17:54:01 +0100 2011

ActionController::RoutingError (No route matches "/javascripts/global.js"):
  

Rendered /Library/Ruby/Gems/1.8/gems/actionpack-3.0.3/lib/action_dispatch/middleware/templates/rescues/routing_error.erb within rescues/layout (0.5ms)


Started GET "/stylesheets/layout.css?1305389415" for 127.0.0.1 at Sat May 14 17:54:01 +0100 2011

ActionController::RoutingError (No route matches "/stylesheets/layout.css"):
  

Rendered /Library/Ruby/Gems/1.8/gems/actionpack-3.0.3/lib/action_dispatch/middleware/templates/rescues/routing_error.erb within rescues/layout (0.6ms)


Started GET "/" for 127.0.0.1 at Sat May 14 17:55:58 +0100 2011
  Processing by HomeController#index as HTML
Rendered posts/_idea.html.erb (4.3ms)
Rendered posts/_idea.html.erb (3.6ms)
Rendered posts/_idea.html.erb (3.6ms)
Rendered posts/_idea.html.erb (3.6ms)
Rendered posts/_idea.html.erb (3.9ms)
Rendered posts/_idea.html.erb (3.6ms)
Rendered posts/_idea.html.erb (4.4ms)
Rendered posts/_idea.html.erb (4.0ms)
Rendered posts/_idea.html.erb (4.0ms)
Rendered posts/_idea.html.erb (64.6ms)
Rendered posts/_idea.html.erb (4.0ms)
Rendered posts/_idea.html.erb (3.9ms)
Rendered posts/_idea.html.erb (3.8ms)
Rendered posts/_idea.html.erb (3.5ms)
Rendered posts/_idea.html.erb (3.8ms)
Rendered posts/_idea.html.erb (3.4ms)
Rendered posts/_idea.html.erb (3.5ms)
Rendered posts/_idea.html.erb (3.2ms)
Rendered posts/_idea.html.erb (3.2ms)
Rendered posts/_idea.html.erb (3.2ms)
Rendered home/index.html.erb within layouts/application (141.3ms)
Completed 200 OK in 151ms (Views: 133.4ms | ActiveRecord: 14.6ms)


Started GET "/javascripts/libs/jquery.js?1300291078" for 127.0.0.1 at Sat May 14 17:55:58 +0100 2011

ActionController::RoutingError (No route matches "/javascripts/libs/jquery.js"):
  

Rendered /Library/Ruby/Gems/1.8/gems/actionpack-3.0.3/lib/action_dispatch/middleware/templates/rescues/routing_error.erb within rescues/layout (0.7ms)


Started GET "/javascripts/libs/modernizr.js?1300291078" for 127.0.0.1 at Sat May 14 17:55:58 +0100 2011

ActionController::RoutingError (No route matches "/javascripts/libs/modernizr.js"):
  

Rendered /Library/Ruby/Gems/1.8/gems/actionpack-3.0.3/lib/action_dispatch/middleware/templates/rescues/routing_error.erb within rescues/layout (0.5ms)


Started GET "/javascripts/libs/rails.js?1305105953" for 127.0.0.1 at Sat May 14 17:55:58 +0100 2011

ActionController::RoutingError (No route matches "/javascripts/libs/rails.js"):
  

Rendered /Library/Ruby/Gems/1.8/gems/actionpack-3.0.3/lib/action_dispatch/middleware/templates/rescues/routing_error.erb within rescues/layout (0.5ms)


Started GET "/javascripts/global.js" for 127.0.0.1 at Sat May 14 17:55:58 +0100 2011

ActionController::RoutingError (No route matches "/javascripts/global.js"):
  

Rendered /Library/Ruby/Gems/1.8/gems/actionpack-3.0.3/lib/action_dispatch/middleware/templates/rescues/routing_error.erb within rescues/layout (0.5ms)


Started GET "/stylesheets/layout.css?1305389415" for 127.0.0.1 at Sat May 14 17:55:58 +0100 2011

ActionController::RoutingError (No route matches "/stylesheets/layout.css"):
  

Rendered /Library/Ruby/Gems/1.8/gems/actionpack-3.0.3/lib/action_dispatch/middleware/templates/rescues/routing_error.erb within rescues/layout (0.5ms)


Started GET "/i32234234" for 127.0.0.1 at Sat May 14 17:56:49 +0100 2011
  Processing by PostsController#show as HTML
  Parameters: {"id"=>"32234234"}
Completed   in 4ms

ActiveRecord::RecordNotFound (Couldn't find Post with ID=32234234):
  app/controllers/posts_controller.rb:59:in `show'

Rendered /Library/Ruby/Gems/1.8/gems/actionpack-3.0.3/lib/action_dispatch/middleware/templates/rescues/_trace.erb (0.7ms)
Rendered /Library/Ruby/Gems/1.8/gems/actionpack-3.0.3/lib/action_dispatch/middleware/templates/rescues/_request_and_response.erb (254.0ms)
Rendered /Library/Ruby/Gems/1.8/gems/actionpack-3.0.3/lib/action_dispatch/middleware/templates/rescues/diagnostics.erb within rescues/layout (258.5ms)


Started GET "/" for 127.0.0.1 at Sat May 14 17:57:00 +0100 2011
  Processing by HomeController#index as HTML
Rendered posts/_idea.html.erb (57.5ms)
Rendered posts/_idea.html.erb (4.2ms)
Rendered posts/_idea.html.erb (3.6ms)
Rendered posts/_idea.html.erb (3.9ms)
Rendered posts/_idea.html.erb (3.6ms)
Rendered posts/_idea.html.erb (3.2ms)
Rendered posts/_idea.html.erb (3.6ms)
Rendered posts/_idea.html.erb (3.6ms)
Rendered posts/_idea.html.erb (3.5ms)
Rendered posts/_idea.html.erb (4.0ms)
Rendered posts/_idea.html.erb (3.6ms)
Rendered posts/_idea.html.erb (3.8ms)
Rendered posts/_idea.html.erb (4.0ms)
Rendered posts/_idea.html.erb (3.5ms)
Rendered posts/_idea.html.erb (3.3ms)
Rendered posts/_idea.html.erb (3.5ms)
Rendered posts/_idea.html.erb (3.2ms)
Rendered posts/_idea.html.erb (50.9ms)
Rendered posts/_idea.html.erb (3.9ms)
Rendered posts/_idea.html.erb (3.3ms)
Rendered home/index.html.erb within layouts/application (198.2ms)
Completed 200 OK in 211ms (Views: 194.8ms | ActiveRecord: 12.3ms)


Started GET "/javascripts/libs/jquery.js?1300291078" for 127.0.0.1 at Sat May 14 17:57:00 +0100 2011

ActionController::RoutingError (No route matches "/javascripts/libs/jquery.js"):
  

Rendered /Library/Ruby/Gems/1.8/gems/actionpack-3.0.3/lib/action_dispatch/middleware/templates/rescues/routing_error.erb within rescues/layout (0.5ms)


Started GET "/javascripts/libs/modernizr.js?1300291078" for 127.0.0.1 at Sat May 14 17:57:00 +0100 2011

ActionController::RoutingError (No route matches "/javascripts/libs/modernizr.js"):
  

Rendered /Library/Ruby/Gems/1.8/gems/actionpack-3.0.3/lib/action_dispatch/middleware/templates/rescues/routing_error.erb within rescues/layout (0.5ms)


Started GET "/javascripts/libs/rails.js?1305105953" for 127.0.0.1 at Sat May 14 17:57:00 +0100 2011

ActionController::RoutingError (No route matches "/javascripts/libs/rails.js"):
  

Rendered /Library/Ruby/Gems/1.8/gems/actionpack-3.0.3/lib/action_dispatch/middleware/templates/rescues/routing_error.erb within rescues/layout (0.5ms)


Started GET "/javascripts/global.js" for 127.0.0.1 at Sat May 14 17:57:00 +0100 2011

ActionController::RoutingError (No route matches "/javascripts/global.js"):
  

Rendered /Library/Ruby/Gems/1.8/gems/actionpack-3.0.3/lib/action_dispatch/middleware/templates/rescues/routing_error.erb within rescues/layout (0.5ms)


Started GET "/stylesheets/layout.css?1305389415" for 127.0.0.1 at Sat May 14 17:57:00 +0100 2011

ActionController::RoutingError (No route matches "/stylesheets/layout.css"):
  

Rendered /Library/Ruby/Gems/1.8/gems/actionpack-3.0.3/lib/action_dispatch/middleware/templates/rescues/routing_error.erb within rescues/layout (0.5ms)


Started GET "/i34" for 127.0.0.1 at Sat May 14 17:57:04 +0100 2011
  Processing by PostsController#show as HTML
  Parameters: {"id"=>"34"}
Completed   in 1ms

ActiveRecord::RecordNotFound (Couldn't find Post with ID=34):
  app/controllers/posts_controller.rb:59:in `show'

Rendered /Library/Ruby/Gems/1.8/gems/actionpack-3.0.3/lib/action_dispatch/middleware/templates/rescues/_trace.erb (0.7ms)
Rendered /Library/Ruby/Gems/1.8/gems/actionpack-3.0.3/lib/action_dispatch/middleware/templates/rescues/_request_and_response.erb (230.6ms)
Rendered /Library/Ruby/Gems/1.8/gems/actionpack-3.0.3/lib/action_dispatch/middleware/templates/rescues/diagnostics.erb within rescues/layout (282.7ms)
